

Microchip MPLAB XC8 Assembler V2.36 build 20220127204148 
                                                                                               Mon May 09 20:21:13 2022

Microchip MPLAB XC8 C Compiler v2.36 (Free license) build 20220127204148 Og1 
     1                           	processor	16F887
     2                           	pagewidth 120
     3                           	opt	flic
     4                           	psect	idataCOMMON,global,class=CODE,delta=2,noexec
     5                           	psect	cinit,global,class=CODE,merge=1,delta=2
     6                           	psect	bssCOMMON,global,class=COMMON,space=1,delta=1,noexec
     7                           	psect	dataCOMMON,global,class=COMMON,space=1,delta=1,noexec
     8                           	psect	cstackCOMMON,global,class=COMMON,space=1,delta=1,noexec
     9                           	psect	maintext,global,class=CODE,split=1,delta=2
    10                           	psect	text1,local,class=CODE,merge=1,delta=2
    11                           	psect	text2,local,class=CODE,merge=1,delta=2
    12                           	psect	intentry,global,class=CODE,delta=2
    13                           	psect	idloc,global,abs,ovrld,class=IDLOC,space=5,delta=2,noexec
    14                           	psect	config,global,abs,ovrld,class=CONFIG,space=4,delta=2,noexec
    15                           	dabs	1,0x7E,2
    16  0000                     
    17                           ; Version 2.40
    18                           ; Generated 17/11/2021 GMT
    19                           ; 
    20                           ; Copyright © 2021, Microchip Technology Inc. and its subsidiaries ("Microchip")
    21                           ; All rights reserved.
    22                           ; 
    23                           ; This software is developed by Microchip Technology Inc. and its subsidiaries ("Microch
      +                          ip").
    24                           ; 
    25                           ; Redistribution and use in source and binary forms, with or without modification, are
    26                           ; permitted provided that the following conditions are met:
    27                           ; 
    28                           ;     1. Redistributions of source code must retain the above copyright notice, this lis
      +                          t of
    29                           ;        conditions and the following disclaimer.
    30                           ; 
    31                           ;     2. Redistributions in binary form must reproduce the above copyright notice, this 
      +                          list
    32                           ;        of conditions and the following disclaimer in the documentation and/or other
    33                           ;        materials provided with the distribution. Publication is not required when
    34                           ;        this file is used in an embedded application.
    35                           ; 
    36                           ;     3. Microchip's name may not be used to endorse or promote products derived from th
      +                          is
    37                           ;        software without specific prior written permission.
    38                           ; 
    39                           ; THIS SOFTWARE IS PROVIDED BY MICROCHIP "AS IS" AND ANY EXPRESS OR IMPLIED WARRANTIES,
    40                           ; INCLUDING, BUT NOT LIMITED TO, THE IMPLIED WARRANTIES OF MERCHANTABILITY AND FITNESS F
      +                          OR
    41                           ; PURPOSE ARE DISCLAIMED.  IN NO EVENT SHALL MICROCHIP BE LIABLE FOR ANY DIRECT, INDIREC
      +                          T,
    42                           ; INCIDENTAL, SPECIAL, EXEMPLARY, OR CONSEQUENTIAL DAMAGES (INCLUDING BUT NOT LIMITED TO
    43                           ; PROCUREMENT OF SUBSTITUTE GOODS OR SERVICES; LOSS OF USE, DATA OR PROFITS; OR BUSINESS
    44                           ; INTERRUPTION) HOWSOEVER CAUSED AND ON ANY THEORY OF LIABILITY, WHETHER IN CONTRACT, ST
      +                          RICT
    45                           ; LIABILITY, OR TORT (INCLUDING NEGLIGENCE OR OTHERWISE) ARISING IN ANY WAY OUT OF THE U
      +                          SE OF
    46                           ; THIS SOFTWARE, EVEN IF ADVISED OF THE POSSIBILITY OF SUCH DAMAGE.
    47                           ; 
    48                           ; 
    49                           ; Code-generator required, PIC16F887 Definitions
    50                           ; 
    51                           ; SFR Addresses
    52  0000                     	;# 
    53  0001                     	;# 
    54  0002                     	;# 
    55  0003                     	;# 
    56  0004                     	;# 
    57  0005                     	;# 
    58  0006                     	;# 
    59  0007                     	;# 
    60  0008                     	;# 
    61  0009                     	;# 
    62  000A                     	;# 
    63  000B                     	;# 
    64  000C                     	;# 
    65  000D                     	;# 
    66  000E                     	;# 
    67  000E                     	;# 
    68  000F                     	;# 
    69  0010                     	;# 
    70  0011                     	;# 
    71  0012                     	;# 
    72  0013                     	;# 
    73  0014                     	;# 
    74  0015                     	;# 
    75  0015                     	;# 
    76  0016                     	;# 
    77  0017                     	;# 
    78  0018                     	;# 
    79  0019                     	;# 
    80  001A                     	;# 
    81  001B                     	;# 
    82  001B                     	;# 
    83  001C                     	;# 
    84  001D                     	;# 
    85  001E                     	;# 
    86  001F                     	;# 
    87  0081                     	;# 
    88  0085                     	;# 
    89  0086                     	;# 
    90  0087                     	;# 
    91  0088                     	;# 
    92  0089                     	;# 
    93  008C                     	;# 
    94  008D                     	;# 
    95  008E                     	;# 
    96  008F                     	;# 
    97  0090                     	;# 
    98  0091                     	;# 
    99  0092                     	;# 
   100  0093                     	;# 
   101  0093                     	;# 
   102  0093                     	;# 
   103  0094                     	;# 
   104  0095                     	;# 
   105  0096                     	;# 
   106  0097                     	;# 
   107  0098                     	;# 
   108  0099                     	;# 
   109  009A                     	;# 
   110  009B                     	;# 
   111  009C                     	;# 
   112  009D                     	;# 
   113  009E                     	;# 
   114  009F                     	;# 
   115  0105                     	;# 
   116  0107                     	;# 
   117  0108                     	;# 
   118  0109                     	;# 
   119  010C                     	;# 
   120  010C                     	;# 
   121  010D                     	;# 
   122  010E                     	;# 
   123  010F                     	;# 
   124  0185                     	;# 
   125  0187                     	;# 
   126  0188                     	;# 
   127  0189                     	;# 
   128  018C                     	;# 
   129  018D                     	;# 
   130  0000                     	;# 
   131  0001                     	;# 
   132  0002                     	;# 
   133  0003                     	;# 
   134  0004                     	;# 
   135  0005                     	;# 
   136  0006                     	;# 
   137  0007                     	;# 
   138  0008                     	;# 
   139  0009                     	;# 
   140  000A                     	;# 
   141  000B                     	;# 
   142  000C                     	;# 
   143  000D                     	;# 
   144  000E                     	;# 
   145  000E                     	;# 
   146  000F                     	;# 
   147  0010                     	;# 
   148  0011                     	;# 
   149  0012                     	;# 
   150  0013                     	;# 
   151  0014                     	;# 
   152  0015                     	;# 
   153  0015                     	;# 
   154  0016                     	;# 
   155  0017                     	;# 
   156  0018                     	;# 
   157  0019                     	;# 
   158  001A                     	;# 
   159  001B                     	;# 
   160  001B                     	;# 
   161  001C                     	;# 
   162  001D                     	;# 
   163  001E                     	;# 
   164  001F                     	;# 
   165  0081                     	;# 
   166  0085                     	;# 
   167  0086                     	;# 
   168  0087                     	;# 
   169  0088                     	;# 
   170  0089                     	;# 
   171  008C                     	;# 
   172  008D                     	;# 
   173  008E                     	;# 
   174  008F                     	;# 
   175  0090                     	;# 
   176  0091                     	;# 
   177  0092                     	;# 
   178  0093                     	;# 
   179  0093                     	;# 
   180  0093                     	;# 
   181  0094                     	;# 
   182  0095                     	;# 
   183  0096                     	;# 
   184  0097                     	;# 
   185  0098                     	;# 
   186  0099                     	;# 
   187  009A                     	;# 
   188  009B                     	;# 
   189  009C                     	;# 
   190  009D                     	;# 
   191  009E                     	;# 
   192  009F                     	;# 
   193  0105                     	;# 
   194  0107                     	;# 
   195  0108                     	;# 
   196  0109                     	;# 
   197  010C                     	;# 
   198  010C                     	;# 
   199  010D                     	;# 
   200  010E                     	;# 
   201  010F                     	;# 
   202  0185                     	;# 
   203  0187                     	;# 
   204  0188                     	;# 
   205  0189                     	;# 
   206  018C                     	;# 
   207  018D                     	;# 
   208  0000                     	;# 
   209  0001                     	;# 
   210  0002                     	;# 
   211  0003                     	;# 
   212  0004                     	;# 
   213  0005                     	;# 
   214  0006                     	;# 
   215  0007                     	;# 
   216  0008                     	;# 
   217  0009                     	;# 
   218  000A                     	;# 
   219  000B                     	;# 
   220  000C                     	;# 
   221  000D                     	;# 
   222  000E                     	;# 
   223  000E                     	;# 
   224  000F                     	;# 
   225  0010                     	;# 
   226  0011                     	;# 
   227  0012                     	;# 
   228  0013                     	;# 
   229  0014                     	;# 
   230  0015                     	;# 
   231  0015                     	;# 
   232  0016                     	;# 
   233  0017                     	;# 
   234  0018                     	;# 
   235  0019                     	;# 
   236  001A                     	;# 
   237  001B                     	;# 
   238  001B                     	;# 
   239  001C                     	;# 
   240  001D                     	;# 
   241  001E                     	;# 
   242  001F                     	;# 
   243  0081                     	;# 
   244  0085                     	;# 
   245  0086                     	;# 
   246  0087                     	;# 
   247  0088                     	;# 
   248  0089                     	;# 
   249  008C                     	;# 
   250  008D                     	;# 
   251  008E                     	;# 
   252  008F                     	;# 
   253  0090                     	;# 
   254  0091                     	;# 
   255  0092                     	;# 
   256  0093                     	;# 
   257  0093                     	;# 
   258  0093                     	;# 
   259  0094                     	;# 
   260  0095                     	;# 
   261  0096                     	;# 
   262  0097                     	;# 
   263  0098                     	;# 
   264  0099                     	;# 
   265  009A                     	;# 
   266  009B                     	;# 
   267  009C                     	;# 
   268  009D                     	;# 
   269  009E                     	;# 
   270  009F                     	;# 
   271  0105                     	;# 
   272  0107                     	;# 
   273  0108                     	;# 
   274  0109                     	;# 
   275  010C                     	;# 
   276  010C                     	;# 
   277  010D                     	;# 
   278  010E                     	;# 
   279  010F                     	;# 
   280  0185                     	;# 
   281  0187                     	;# 
   282  0188                     	;# 
   283  0189                     	;# 
   284  018C                     	;# 
   285  018D                     	;# 
   286                           
   287                           	psect	idataCOMMON
   288  0143                     __pidataCOMMON:
   289                           
   290                           ;initializer for _cont_slave
   291  0143  34FF               	retlw	255
   292  0014                     _SSPCONbits	set	20
   293  0007                     _PORTC	set	7
   294  000B                     _INTCONbits	set	11
   295  0018                     _RCSTAbits	set	24
   296  0012                     _T2CONbits	set	18
   297  0006                     _PORTB	set	6
   298  0006                     _PORTBbits	set	6
   299  001D                     _CCP2CONbits	set	29
   300  001B                     _CCPR2L	set	27
   301  001E                     _ADRESH	set	30
   302  001F                     _ADCON0bits	set	31
   303  0013                     _SSPBUF	set	19
   304  0008                     _PORTD	set	8
   305  000C                     _PIR1bits	set	12
   306  0066                     _ADIF	set	102
   307  0087                     _TRISC	set	135
   308  008C                     _PIE1bits	set	140
   309  009A                     _SPBRGH	set	154
   310  0099                     _SPBRG	set	153
   311  0098                     _TXSTAbits	set	152
   312  008F                     _OSCCONbits	set	143
   313  009F                     _ADCON1bits	set	159
   314  0086                     _TRISB	set	134
   315  0085                     _TRISA	set	133
   316  0088                     _TRISD	set	136
   317  0094                     _SSPSTATbits	set	148
   318  009E                     _ADRESL	set	158
   319  0187                     _BAUDCTLbits	set	391
   320  0188                     _ANSELbits	set	392
   321  0189                     _ANSELH	set	393
   322  0188                     _ANSEL	set	392
   323                           
   324                           	psect	cinit
   325  000F                     start_initialization:	
   326                           ; #config settings
   327                           
   328  000F                     __initialization:
   329                           
   330                           ; Initialize objects allocated to COMMON
   331  000F  120A  118A  2143  120A  118A  	fcall	__pidataCOMMON	;fetch initializer
   332  0014  00FB               	movwf	__pdataCOMMON& (0+127)
   333                           
   334                           ; Clear objects allocated to COMMON
   335  0015  01F7               	clrf	__pbssCOMMON& (0+127)
   336  0016  01F8               	clrf	(__pbssCOMMON+1)& (0+127)
   337  0017  01F9               	clrf	(__pbssCOMMON+2)& (0+127)
   338  0018  01FA               	clrf	(__pbssCOMMON+3)& (0+127)
   339  0019                     end_of_initialization:	
   340                           ;End of C runtime variable initialization code
   341                           
   342  0019                     __end_of__initialization:
   343  0019  0183               	clrf	3
   344  001A  120A  118A  291F   	ljmp	_main	;jump to C main() function
   345                           
   346                           	psect	bssCOMMON
   347  0077                     __pbssCOMMON:
   348  0077                     _val_temporal:
   349  0077                     	ds	1
   350  0078                     _cont_master:
   351  0078                     	ds	1
   352  0079                     _potvalue:
   353  0079                     	ds	1
   354  007A                     _cont:
   355  007A                     	ds	1
   356                           
   357                           	psect	dataCOMMON
   358  007B                     __pdataCOMMON:
   359  007B                     _cont_slave:
   360  007B                     	ds	1
   361                           
   362                           	psect	cstackCOMMON
   363  0070                     __pcstackCOMMON:
   364  0070                     ?_setup:
   365  0070                     ?_isr:	
   366                           ; 1 bytes @ 0x0
   367                           
   368  0070                     ??_isr:	
   369                           ; 1 bytes @ 0x0
   370                           
   371  0070                     ?_main:	
   372                           ; 1 bytes @ 0x0
   373                           
   374                           
   375                           ; 1 bytes @ 0x0
   376  0070                     	ds	4
   377  0074                     ??_setup:
   378                           
   379                           ; 1 bytes @ 0x4
   380  0074                     	ds	1
   381  0075                     ??_main:
   382                           
   383                           ; 1 bytes @ 0x5
   384  0075                     	ds	2
   385                           
   386                           	psect	maintext
   387  011F                     __pmaintext:	
   388 ;;
   389 ;;Main: autosize = 0, tempsize = 2, incstack = 0, save=0
   390 ;;
   391 ;; *************** function _main *****************
   392 ;; Defined at:
   393 ;;		line 64 in file "lab11.c"
   394 ;; Parameters:    Size  Location     Type
   395 ;;		None
   396 ;; Auto vars:     Size  Location     Type
   397 ;;		None
   398 ;; Return value:  Size  Location     Type
   399 ;;                  1    wreg      void 
   400 ;; Registers used:
   401 ;;		wreg, status,2, status,0, pclath, cstack
   402 ;; Tracked objects:
   403 ;;		On entry : B00/0
   404 ;;		On exit  : 0/0
   405 ;;		Unchanged: 0/0
   406 ;; Data sizes:     COMMON   BANK0   BANK1   BANK3   BANK2
   407 ;;      Params:         0       0       0       0       0
   408 ;;      Locals:         0       0       0       0       0
   409 ;;      Temps:          2       0       0       0       0
   410 ;;      Totals:         2       0       0       0       0
   411 ;;Total ram usage:        2 bytes
   412 ;; Hardware stack levels required when called: 2
   413 ;; This function calls:
   414 ;;		_setup
   415 ;; This function is called by:
   416 ;;		Startup code after reset
   417 ;; This function uses a non-reentrant model
   418 ;;
   419                           
   420  011F                     _main:	
   421                           ;psect for function _main
   422                           
   423  011F                     l848:	
   424                           ;incstack = 0
   425                           ; Regs used in _main: [wreg+status,2+status,0+pclath+cstack]
   426                           
   427                           
   428                           ;lab11.c: 65:     setup();
   429  011F  120A  118A  201D  120A  118A  	fcall	_setup
   430  0124                     l850:
   431                           
   432                           ;lab11.c: 69:         if(PORTBbits.RB0){
   433  0124  1283               	bcf	3,5	;RP0=0, select bank0
   434  0125  1303               	bcf	3,6	;RP1=0, select bank0
   435  0126  1C06               	btfss	6,0	;volatile
   436  0127  2929               	goto	u91
   437  0128  292A               	goto	u90
   438  0129                     u91:
   439  0129  2924               	goto	l850
   440  012A                     u90:
   441  012A                     l852:
   442                           
   443                           ;lab11.c: 71:             SSPBUF = potvalue;
   444  012A  0879               	movf	_potvalue,w
   445  012B  0093               	movwf	19	;volatile
   446  012C                     l49:	
   447                           ;lab11.c: 72:             while(!SSPSTATbits.BF){}
   448                           
   449  012C  1683               	bsf	3,5	;RP0=1, select bank1
   450  012D  1303               	bcf	3,6	;RP1=0, select bank1
   451  012E  1C14               	btfss	20,0	;volatile
   452  012F  2931               	goto	u101
   453  0130  2932               	goto	u100
   454  0131                     u101:
   455  0131  292C               	goto	l49
   456  0132                     u100:
   457  0132                     l854:
   458                           
   459                           ;lab11.c: 74:                 PORTD = potvalue;
   460  0132  0879               	movf	_potvalue,w
   461  0133  1283               	bcf	3,5	;RP0=0, select bank0
   462  0134  1303               	bcf	3,6	;RP1=0, select bank0
   463  0135  0088               	movwf	8	;volatile
   464                           
   465                           ;lab11.c: 75:                 _delay((unsigned long)((10)*(1000000/4000.0)));
   466  0136  3004               	movlw	4
   467  0137  00F6               	movwf	??_main+1
   468  0138  303D               	movlw	61
   469  0139  00F5               	movwf	??_main
   470  013A                     u117:
   471  013A  0BF5               	decfsz	??_main,f
   472  013B  293A               	goto	u117
   473  013C  0BF6               	decfsz	??_main+1,f
   474  013D  293A               	goto	u117
   475  013E  293F               	nop2
   476  013F  2924               	goto	l850
   477  0140  120A  118A  280C   	ljmp	start
   478  0143                     __end_of_main:
   479                           
   480                           	psect	text1
   481  001D                     __ptext1:	
   482 ;; *************** function _setup *****************
   483 ;; Defined at:
   484 ;;		line 19 in file "setup.c"
   485 ;; Parameters:    Size  Location     Type
   486 ;;		None
   487 ;; Auto vars:     Size  Location     Type
   488 ;;		None
   489 ;; Return value:  Size  Location     Type
   490 ;;                  1    wreg      void 
   491 ;; Registers used:
   492 ;;		wreg, status,2, status,0
   493 ;; Tracked objects:
   494 ;;		On entry : 0/0
   495 ;;		On exit  : 0/0
   496 ;;		Unchanged: 0/0
   497 ;; Data sizes:     COMMON   BANK0   BANK1   BANK3   BANK2
   498 ;;      Params:         0       0       0       0       0
   499 ;;      Locals:         0       0       0       0       0
   500 ;;      Temps:          1       0       0       0       0
   501 ;;      Totals:         1       0       0       0       0
   502 ;;Total ram usage:        1 bytes
   503 ;; Hardware stack levels used: 1
   504 ;; Hardware stack levels required when called: 1
   505 ;; This function calls:
   506 ;;		Nothing
   507 ;; This function is called by:
   508 ;;		_main
   509 ;; This function uses a non-reentrant model
   510 ;;
   511                           
   512  001D                     _setup:	
   513                           ;psect for function _setup
   514                           
   515  001D                     l714:	
   516                           ;incstack = 0
   517                           ; Regs used in _setup: [wreg+status,2+status,0]
   518                           
   519                           
   520                           ;setup.c: 20:     ANSEL = 0;
   521  001D  1683               	bsf	3,5	;RP0=1, select bank3
   522  001E  1703               	bsf	3,6	;RP1=1, select bank3
   523  001F  0188               	clrf	8	;volatile
   524                           
   525                           ;setup.c: 21:     ANSELH = 0;
   526  0020  0189               	clrf	9	;volatile
   527                           
   528                           ;setup.c: 23:         TRISD = 0;
   529  0021  1683               	bsf	3,5	;RP0=1, select bank1
   530  0022  1303               	bcf	3,6	;RP1=0, select bank1
   531  0023  0188               	clrf	8	;volatile
   532                           
   533                           ;setup.c: 24:         PORTD = 0;
   534  0024  1283               	bcf	3,5	;RP0=0, select bank0
   535  0025  1303               	bcf	3,6	;RP1=0, select bank0
   536  0026  0188               	clrf	8	;volatile
   537  0027                     l716:
   538                           
   539                           ;setup.c: 25:     ANSELbits.ANS0 = 1;
   540  0027  1683               	bsf	3,5	;RP0=1, select bank3
   541  0028  1703               	bsf	3,6	;RP1=1, select bank3
   542  0029  1408               	bsf	8,0	;volatile
   543  002A                     l718:
   544                           
   545                           ;setup.c: 26:     ANSELbits.ANS1 = 1;
   546  002A  1488               	bsf	8,1	;volatile
   547  002B                     l720:
   548                           
   549                           ;setup.c: 27:     ANSELbits.ANS2 = 1;
   550  002B  1508               	bsf	8,2	;volatile
   551  002C                     l722:
   552                           
   553                           ;setup.c: 28:     TRISA = 0b00000111;
   554  002C  3007               	movlw	7
   555  002D  1683               	bsf	3,5	;RP0=1, select bank1
   556  002E  1303               	bcf	3,6	;RP1=0, select bank1
   557  002F  0085               	movwf	5	;volatile
   558  0030                     l724:
   559                           
   560                           ;setup.c: 30:     TRISB = 0b00000001;
   561  0030  3001               	movlw	1
   562  0031  0086               	movwf	6	;volatile
   563                           
   564                           ;setup.c: 31:     PORTB = 0;
   565  0032  1283               	bcf	3,5	;RP0=0, select bank0
   566  0033  1303               	bcf	3,6	;RP1=0, select bank0
   567  0034  0186               	clrf	6	;volatile
   568  0035                     l726:
   569                           
   570                           ;setup.c: 33:     ADCON0bits.ADCS = 2;
   571  0035  081F               	movf	31,w	;volatile
   572  0036  393F               	andlw	-193
   573  0037  3880               	iorlw	128
   574  0038  009F               	movwf	31	;volatile
   575  0039                     l728:
   576                           
   577                           ;setup.c: 34:     ADCON0bits.CHS0 = 0;
   578  0039  111F               	bcf	31,2	;volatile
   579  003A                     l730:
   580                           
   581                           ;setup.c: 35:     ADCON1bits.VCFG1 = 0;
   582  003A  1683               	bsf	3,5	;RP0=1, select bank1
   583  003B  1303               	bcf	3,6	;RP1=0, select bank1
   584  003C  129F               	bcf	31,5	;volatile
   585  003D                     l732:
   586                           
   587                           ;setup.c: 36:     ADCON1bits.VCFG0 = 0;
   588  003D  121F               	bcf	31,4	;volatile
   589  003E                     l734:
   590                           
   591                           ;setup.c: 37:     ADCON1bits.ADFM = 0;
   592  003E  139F               	bcf	31,7	;volatile
   593  003F                     l736:
   594                           
   595                           ;setup.c: 38:     ADCON0bits.ADON = 1;
   596  003F  1283               	bcf	3,5	;RP0=0, select bank0
   597  0040  1303               	bcf	3,6	;RP1=0, select bank0
   598  0041  141F               	bsf	31,0	;volatile
   599  0042                     l738:
   600                           
   601                           ;setup.c: 39:     _delay((unsigned long)((50)*(1000000/4000000.0)));
   602  0042  3003               	movlw	3
   603  0043  00F4               	movwf	??_setup
   604  0044                     u127:
   605  0044  0BF4               	decfsz	??_setup,f
   606  0045  2844               	goto	u127
   607  0046  2847               	nop2
   608  0047                     l740:
   609                           
   610                           ;setup.c: 41:     OSCCONbits.IRCF = 0b100;
   611  0047  1683               	bsf	3,5	;RP0=1, select bank1
   612  0048  1303               	bcf	3,6	;RP1=0, select bank1
   613  0049  080F               	movf	15,w	;volatile
   614  004A  398F               	andlw	-113
   615  004B  3840               	iorlw	64
   616  004C  008F               	movwf	15	;volatile
   617  004D                     l742:
   618                           
   619                           ;setup.c: 42:     OSCCONbits.SCS = 1;
   620  004D  140F               	bsf	15,0	;volatile
   621  004E                     l744:
   622                           
   623                           ;setup.c: 45:     PIR1bits.TMR2IF = 0;
   624  004E  1283               	bcf	3,5	;RP0=0, select bank0
   625  004F  1303               	bcf	3,6	;RP1=0, select bank0
   626  0050  108C               	bcf	12,1	;volatile
   627  0051                     l746:
   628                           
   629                           ;setup.c: 46:     T2CONbits.T2CKPS = 0b11;
   630  0051  3003               	movlw	3
   631  0052  0492               	iorwf	18,f	;volatile
   632  0053                     l748:
   633                           
   634                           ;setup.c: 47:     T2CONbits.TMR2ON = 1;
   635  0053  1512               	bsf	18,2	;volatile
   636  0054                     l117:	
   637                           ;setup.c: 48:     while(PIR1bits.TMR2IF == 0);
   638                           
   639  0054  1C8C               	btfss	12,1	;volatile
   640  0055  2857               	goto	u11
   641  0056  2858               	goto	u10
   642  0057                     u11:
   643  0057  2854               	goto	l117
   644  0058                     u10:
   645  0058                     l119:
   646                           
   647                           ;setup.c: 49:     PIR1bits.TMR2IF = 0;
   648  0058  108C               	bcf	12,1	;volatile
   649                           
   650                           ;setup.c: 53:     TXSTAbits.SYNC = 0;
   651  0059  1683               	bsf	3,5	;RP0=1, select bank1
   652  005A  1303               	bcf	3,6	;RP1=0, select bank1
   653  005B  1218               	bcf	24,4	;volatile
   654                           
   655                           ;setup.c: 54:     TXSTAbits.BRGH = 1;
   656  005C  1518               	bsf	24,2	;volatile
   657                           
   658                           ;setup.c: 55:     BAUDCTLbits.BRG16 = 1;
   659  005D  1683               	bsf	3,5	;RP0=1, select bank3
   660  005E  1703               	bsf	3,6	;RP1=1, select bank3
   661  005F  1587               	bsf	7,3	;volatile
   662  0060                     l750:
   663                           
   664                           ;setup.c: 57:     SPBRG = 25;
   665  0060  3019               	movlw	25
   666  0061  1683               	bsf	3,5	;RP0=1, select bank1
   667  0062  1303               	bcf	3,6	;RP1=0, select bank1
   668  0063  0099               	movwf	25	;volatile
   669  0064                     l752:
   670                           
   671                           ;setup.c: 58:     SPBRGH = 0;
   672  0064  019A               	clrf	26	;volatile
   673  0065                     l754:
   674                           
   675                           ;setup.c: 60:     RCSTAbits.SPEN = 1;
   676  0065  1283               	bcf	3,5	;RP0=0, select bank0
   677  0066  1303               	bcf	3,6	;RP1=0, select bank0
   678  0067  1798               	bsf	24,7	;volatile
   679  0068                     l756:
   680                           
   681                           ;setup.c: 61:     TXSTAbits.TX9 = 0;
   682  0068  1683               	bsf	3,5	;RP0=1, select bank1
   683  0069  1303               	bcf	3,6	;RP1=0, select bank1
   684  006A  1318               	bcf	24,6	;volatile
   685  006B                     l758:
   686                           
   687                           ;setup.c: 62:     TXSTAbits.TXEN = 1;
   688  006B  1698               	bsf	24,5	;volatile
   689  006C                     l760:
   690                           
   691                           ;setup.c: 63:     RCSTAbits.CREN = 1;
   692  006C  1283               	bcf	3,5	;RP0=0, select bank0
   693  006D  1303               	bcf	3,6	;RP1=0, select bank0
   694  006E  1618               	bsf	24,4	;volatile
   695  006F                     l762:
   696                           
   697                           ;setup.c: 66:     INTCONbits.GIE = 1;
   698  006F  178B               	bsf	11,7	;volatile
   699  0070                     l764:
   700                           
   701                           ;setup.c: 67:     INTCONbits.PEIE = 1;
   702  0070  170B               	bsf	11,6	;volatile
   703  0071                     l766:
   704                           
   705                           ;setup.c: 68:     PIE1bits.RCIE = 1;
   706  0071  1683               	bsf	3,5	;RP0=1, select bank1
   707  0072  1303               	bcf	3,6	;RP1=0, select bank1
   708  0073  168C               	bsf	12,5	;volatile
   709  0074                     l768:
   710                           
   711                           ;setup.c: 69:     PIR1bits.ADIF = 0;
   712  0074  1283               	bcf	3,5	;RP0=0, select bank0
   713  0075  1303               	bcf	3,6	;RP1=0, select bank0
   714  0076  130C               	bcf	12,6	;volatile
   715  0077                     l770:
   716                           
   717                           ;setup.c: 70:     PIE1bits.ADIE = 1;
   718  0077  1683               	bsf	3,5	;RP0=1, select bank1
   719  0078  1303               	bcf	3,6	;RP1=0, select bank1
   720  0079  170C               	bsf	12,6	;volatile
   721  007A                     l772:
   722                           
   723                           ;setup.c: 72:     _delay((unsigned long)((50)*(1000000/4000000.0)));
   724  007A  3003               	movlw	3
   725  007B  00F4               	movwf	??_setup
   726  007C                     u137:
   727  007C  0BF4               	decfsz	??_setup,f
   728  007D  287C               	goto	u137
   729  007E  287F               	nop2
   730  007F                     l774:
   731                           
   732                           ;setup.c: 73:     ADCON0bits.GO = 1;
   733  007F  1283               	bcf	3,5	;RP0=0, select bank0
   734  0080  1303               	bcf	3,6	;RP1=0, select bank0
   735  0081  149F               	bsf	31,1	;volatile
   736  0082                     l776:
   737                           
   738                           ;setup.c: 76:     if(PORTBbits.RB0){
   739  0082  1C06               	btfss	6,0	;volatile
   740  0083  2885               	goto	u21
   741  0084  2886               	goto	u20
   742  0085                     u21:
   743  0085  2899               	goto	l794
   744  0086                     u20:
   745  0086                     l778:
   746                           
   747                           ;setup.c: 77:         TRISC = 0b00010000;
   748  0086  3010               	movlw	16
   749  0087  1683               	bsf	3,5	;RP0=1, select bank1
   750  0088  1303               	bcf	3,6	;RP1=0, select bank1
   751  0089  0087               	movwf	7	;volatile
   752  008A                     l780:
   753                           
   754                           ;setup.c: 78:         PORTC = 0;
   755  008A  1283               	bcf	3,5	;RP0=0, select bank0
   756  008B  1303               	bcf	3,6	;RP1=0, select bank0
   757  008C  0187               	clrf	7	;volatile
   758  008D                     l782:
   759                           
   760                           ;setup.c: 81:         SSPCONbits.SSPM = 0b0000;
   761  008D  30F0               	movlw	-16
   762  008E  0594               	andwf	20,f	;volatile
   763  008F                     l784:
   764                           
   765                           ;setup.c: 82:         SSPCONbits.CKP = 0;
   766  008F  1214               	bcf	20,4	;volatile
   767  0090                     l786:
   768                           
   769                           ;setup.c: 83:         SSPCONbits.SSPEN = 1;
   770  0090  1694               	bsf	20,5	;volatile
   771  0091                     l788:
   772                           
   773                           ;setup.c: 85:         SSPSTATbits.CKE = 1;
   774  0091  1683               	bsf	3,5	;RP0=1, select bank1
   775  0092  1303               	bcf	3,6	;RP1=0, select bank1
   776  0093  1714               	bsf	20,6	;volatile
   777  0094                     l790:
   778                           
   779                           ;setup.c: 86:         SSPSTATbits.SMP = 1;
   780  0094  1794               	bsf	20,7	;volatile
   781  0095                     l792:
   782                           
   783                           ;setup.c: 87:         SSPBUF = 0;
   784  0095  1283               	bcf	3,5	;RP0=0, select bank0
   785  0096  1303               	bcf	3,6	;RP1=0, select bank0
   786  0097  0193               	clrf	19	;volatile
   787                           
   788                           ;setup.c: 88:     }
   789  0098  28B2               	goto	l122
   790  0099                     l794:
   791                           
   792                           ;setup.c: 91:         TRISC = 0b00011000;
   793  0099  3018               	movlw	24
   794  009A  1683               	bsf	3,5	;RP0=1, select bank1
   795  009B  1303               	bcf	3,6	;RP1=0, select bank1
   796  009C  0087               	movwf	7	;volatile
   797  009D                     l796:
   798                           
   799                           ;setup.c: 92:         PORTC = 0;
   800  009D  1283               	bcf	3,5	;RP0=0, select bank0
   801  009E  1303               	bcf	3,6	;RP1=0, select bank0
   802  009F  0187               	clrf	7	;volatile
   803  00A0                     l798:
   804                           
   805                           ;setup.c: 95:         SSPCONbits.SSPM = 0b0100;
   806  00A0  0814               	movf	20,w	;volatile
   807  00A1  39F0               	andlw	-16
   808  00A2  3804               	iorlw	4
   809  00A3  0094               	movwf	20	;volatile
   810  00A4                     l800:
   811                           
   812                           ;setup.c: 96:         SSPCONbits.CKP = 0;
   813  00A4  1214               	bcf	20,4	;volatile
   814  00A5                     l802:
   815                           
   816                           ;setup.c: 97:         SSPCONbits.SSPEN = 1;
   817  00A5  1694               	bsf	20,5	;volatile
   818  00A6                     l804:
   819                           
   820                           ;setup.c: 99:         SSPSTATbits.CKE = 1;
   821  00A6  1683               	bsf	3,5	;RP0=1, select bank1
   822  00A7  1303               	bcf	3,6	;RP1=0, select bank1
   823  00A8  1714               	bsf	20,6	;volatile
   824  00A9                     l806:
   825                           
   826                           ;setup.c: 100:         SSPSTATbits.SMP = 0;
   827  00A9  1394               	bcf	20,7	;volatile
   828  00AA                     l808:
   829                           
   830                           ;setup.c: 102:         PIR1bits.SSPIF = 0;
   831  00AA  1283               	bcf	3,5	;RP0=0, select bank0
   832  00AB  1303               	bcf	3,6	;RP1=0, select bank0
   833  00AC  118C               	bcf	12,3	;volatile
   834  00AD                     l810:
   835                           
   836                           ;setup.c: 103:         PIE1bits.SSPIE = 1;
   837  00AD  1683               	bsf	3,5	;RP0=1, select bank1
   838  00AE  1303               	bcf	3,6	;RP1=0, select bank1
   839  00AF  158C               	bsf	12,3	;volatile
   840  00B0                     l812:
   841                           
   842                           ;setup.c: 104:         INTCONbits.PEIE = 1;
   843  00B0  170B               	bsf	11,6	;volatile
   844  00B1                     l814:
   845                           
   846                           ;setup.c: 105:         INTCONbits.GIE = 1;
   847  00B1  178B               	bsf	11,7	;volatile
   848  00B2                     l122:
   849  00B2  0008               	return
   850  00B3                     __end_of_setup:
   851                           
   852                           	psect	text2
   853  00B3                     __ptext2:	
   854 ;; *************** function _isr *****************
   855 ;; Defined at:
   856 ;;		line 29 in file "lab11.c"
   857 ;; Parameters:    Size  Location     Type
   858 ;;		None
   859 ;; Auto vars:     Size  Location     Type
   860 ;;		None
   861 ;; Return value:  Size  Location     Type
   862 ;;                  1    wreg      void 
   863 ;; Registers used:
   864 ;;		wreg, status,2, status,0
   865 ;; Tracked objects:
   866 ;;		On entry : 0/0
   867 ;;		On exit  : 0/0
   868 ;;		Unchanged: 0/0
   869 ;; Data sizes:     COMMON   BANK0   BANK1   BANK3   BANK2
   870 ;;      Params:         0       0       0       0       0
   871 ;;      Locals:         0       0       0       0       0
   872 ;;      Temps:          4       0       0       0       0
   873 ;;      Totals:         4       0       0       0       0
   874 ;;Total ram usage:        4 bytes
   875 ;; Hardware stack levels used: 1
   876 ;; This function calls:
   877 ;;		Nothing
   878 ;; This function is called by:
   879 ;;		Interrupt level 1
   880 ;; This function uses a non-reentrant model
   881 ;;
   882                           
   883  00B3                     _isr:	
   884                           ;psect for function _isr
   885                           
   886  00B3                     i1l816:
   887                           
   888                           ;lab11.c: 30:     if(PIR1bits.SSPIF){
   889  00B3  1283               	bcf	3,5	;RP0=0, select bank0
   890  00B4  1303               	bcf	3,6	;RP1=0, select bank0
   891  00B5  1D8C               	btfss	12,3	;volatile
   892  00B6  28B8               	goto	u3_21
   893  00B7  28B9               	goto	u3_20
   894  00B8                     u3_21:
   895  00B8  28BC               	goto	i1l822
   896  00B9                     u3_20:
   897  00B9                     i1l818:
   898                           
   899                           ;lab11.c: 31:         PORTD = SSPBUF;
   900  00B9  0813               	movf	19,w	;volatile
   901  00BA  0088               	movwf	8	;volatile
   902  00BB                     i1l820:
   903                           
   904                           ;lab11.c: 32:         PIR1bits.SSPIF = 0;
   905  00BB  118C               	bcf	12,3	;volatile
   906  00BC                     i1l822:
   907                           
   908                           ;lab11.c: 34:     if (ADIF == 1) {
   909  00BC  1F0C               	btfss	12,6	;volatile
   910  00BD  28BF               	goto	u4_21
   911  00BE  28C0               	goto	u4_20
   912  00BF                     u4_21:
   913  00BF  2918               	goto	i1l42
   914  00C0                     u4_20:
   915  00C0                     i1l824:
   916                           
   917                           ;lab11.c: 35:         if(!ADCON0bits.CHS){
   918  00C0  0C1F               	rrf	31,w	;volatile
   919  00C1  00F0               	movwf	??_isr
   920  00C2  0C70               	rrf	??_isr,w
   921  00C3  390F               	andlw	15
   922  00C4  3A00               	xorlw	0
   923  00C5  1D03               	skipz
   924  00C6  28C8               	goto	u5_21
   925  00C7  28C9               	goto	u5_20
   926  00C8                     u5_21:
   927  00C8  28D2               	goto	i1l830
   928  00C9                     u5_20:
   929  00C9                     i1l826:
   930                           
   931                           ;lab11.c: 36:             potvalue = ADRESH;
   932  00C9  081E               	movf	30,w	;volatile
   933  00CA  00F0               	movwf	??_isr
   934  00CB  0870               	movf	??_isr,w
   935  00CC  00F9               	movwf	_potvalue
   936  00CD                     i1l828:
   937                           
   938                           ;lab11.c: 37:             ADCON0bits.CHS = 1;
   939  00CD  081F               	movf	31,w	;volatile
   940  00CE  39C3               	andlw	-61
   941  00CF  3804               	iorlw	4
   942  00D0  009F               	movwf	31	;volatile
   943                           
   944                           ;lab11.c: 38:         }
   945  00D1  2910               	goto	i1l840
   946  00D2                     i1l830:
   947  00D2  0C1F               	rrf	31,w	;volatile
   948  00D3  00F0               	movwf	??_isr
   949  00D4  0C70               	rrf	??_isr,w
   950  00D5  390F               	andlw	15
   951  00D6  3A01               	xorlw	1
   952  00D7  1D03               	skipz
   953  00D8  28DA               	goto	u6_21
   954  00D9  28DB               	goto	u6_20
   955  00DA                     u6_21:
   956  00DA  2904               	goto	i1l834
   957  00DB                     u6_20:
   958  00DB                     i1l832:
   959                           
   960                           ;lab11.c: 42:             CCPR2L = (ADRESH>>1)+124;
   961  00DB  081E               	movf	30,w	;volatile
   962  00DC  00F0               	movwf	??_isr
   963  00DD  1003               	clrc
   964  00DE  0C70               	rrf	??_isr,w
   965  00DF  3E7C               	addlw	124
   966  00E0  009B               	movwf	27	;volatile
   967                           
   968                           ;lab11.c: 43:             CCP2CONbits.DC2B1 = ADRESH & 0b01;
   969  00E1  081E               	movf	30,w	;volatile
   970  00E2  3901               	andlw	1
   971  00E3  00F0               	movwf	??_isr
   972  00E4  0EF0               	swapf	??_isr,f
   973  00E5  0DF0               	rlf	??_isr,f
   974  00E6  081D               	movf	29,w	;volatile
   975  00E7  0670               	xorwf	??_isr,w
   976  00E8  39DF               	andlw	-33
   977  00E9  0670               	xorwf	??_isr,w
   978  00EA  009D               	movwf	29	;volatile
   979                           
   980                           ;lab11.c: 44:             CCP2CONbits.DC2B0 = (ADRESL>>7);
   981  00EB  1683               	bsf	3,5	;RP0=1, select bank1
   982  00EC  1303               	bcf	3,6	;RP1=0, select bank1
   983  00ED  081E               	movf	30,w	;volatile
   984  00EE  00F0               	movwf	??_isr
   985  00EF  3007               	movlw	7
   986  00F0                     u7_25:
   987  00F0  1003               	clrc
   988  00F1  0CF0               	rrf	??_isr,f
   989  00F2  3EFF               	addlw	-1
   990  00F3  1D03               	skipz
   991  00F4  28F0               	goto	u7_25
   992  00F5  0870               	movf	??_isr,w
   993  00F6  00F1               	movwf	??_isr+1
   994  00F7  0EF1               	swapf	??_isr+1,f
   995  00F8  1283               	bcf	3,5	;RP0=0, select bank0
   996  00F9  1303               	bcf	3,6	;RP1=0, select bank0
   997  00FA  081D               	movf	29,w	;volatile
   998  00FB  0671               	xorwf	??_isr+1,w
   999  00FC  39EF               	andlw	-17
  1000  00FD  0671               	xorwf	??_isr+1,w
  1001  00FE  009D               	movwf	29	;volatile
  1002                           
  1003                           ;lab11.c: 45:             ADCON0bits.CHS = 0b0010;
  1004  00FF  081F               	movf	31,w	;volatile
  1005  0100  39C3               	andlw	-61
  1006  0101  3808               	iorlw	8
  1007  0102  009F               	movwf	31	;volatile
  1008                           
  1009                           ;lab11.c: 46:         }
  1010  0103  2910               	goto	i1l840
  1011  0104                     i1l834:
  1012  0104  0C1F               	rrf	31,w	;volatile
  1013  0105  00F0               	movwf	??_isr
  1014  0106  0C70               	rrf	??_isr,w
  1015  0107  390F               	andlw	15
  1016  0108  3A02               	xorlw	2
  1017  0109  1D03               	skipz
  1018  010A  290C               	goto	u8_21
  1019  010B  290D               	goto	u8_20
  1020  010C                     u8_21:
  1021  010C  2910               	goto	i1l840
  1022  010D                     u8_20:
  1023  010D                     i1l836:
  1024                           
  1025                           ;lab11.c: 48:             PIR1bits.ADIF = 0;
  1026  010D  130C               	bcf	12,6	;volatile
  1027  010E                     i1l838:
  1028                           
  1029                           ;lab11.c: 49:             ADCON0bits.CHS = 0;
  1030  010E  30C3               	movlw	-61
  1031  010F  059F               	andwf	31,f	;volatile
  1032  0110                     i1l840:
  1033                           
  1034                           ;lab11.c: 54:         _delay((unsigned long)((40)*(1000000/4000000.0)));
  1035  0110  3003               	movlw	3
  1036  0111  00F0               	movwf	??_isr
  1037  0112                     u14_27:
  1038  0112  0BF0               	decfsz	??_isr,f
  1039  0113  2912               	goto	u14_27
  1040  0114                     i1l842:
  1041                           
  1042                           ;lab11.c: 55:         PIR1bits.ADIF = 0;
  1043  0114  1283               	bcf	3,5	;RP0=0, select bank0
  1044  0115  1303               	bcf	3,6	;RP1=0, select bank0
  1045  0116  130C               	bcf	12,6	;volatile
  1046  0117                     i1l844:
  1047                           
  1048                           ;lab11.c: 56:         ADCON0bits.GO = 1;
  1049  0117  149F               	bsf	31,1	;volatile
  1050  0118                     i1l42:
  1051  0118  0873               	movf	??_isr+3,w
  1052  0119  008A               	movwf	10
  1053  011A  0E72               	swapf	??_isr+2,w
  1054  011B  0083               	movwf	3
  1055  011C  0EFE               	swapf	btemp,f
  1056  011D  0E7E               	swapf	btemp,w
  1057  011E  0009               	retfie
  1058  011F                     __end_of_isr:
  1059  007E                     btemp	set	126	;btemp
  1060  007E                     wtemp0	set	126
  1061                           
  1062                           	psect	intentry
  1063  0004                     __pintentry:	
  1064                           ;incstack = 0
  1065                           ; Regs used in _isr: [wreg+status,2+status,0]
  1066                           
  1067  0004                     interrupt_function:
  1068  007E                     saved_w	set	btemp
  1069  0004  00FE               	movwf	btemp
  1070  0005  0E03               	swapf	3,w
  1071  0006  00F2               	movwf	??_isr+2
  1072  0007  080A               	movf	10,w
  1073  0008  00F3               	movwf	??_isr+3
  1074  0009  120A  118A  28B3   	ljmp	_isr
  1075                           
  1076                           	psect	idloc
  1077                           
  1078                           ;Config register IDLOC0 @ 0x2000
  1079                           ;	unspecified, using default values
  1080  2000                     	org	8192
  1081  2000  3FFF               	dw	16383
  1082                           
  1083                           ;Config register IDLOC1 @ 0x2001
  1084                           ;	unspecified, using default values
  1085  2001                     	org	8193
  1086  2001  3FFF               	dw	16383
  1087                           
  1088                           ;Config register IDLOC2 @ 0x2002
  1089                           ;	unspecified, using default values
  1090  2002                     	org	8194
  1091  2002  3FFF               	dw	16383
  1092                           
  1093                           ;Config register IDLOC3 @ 0x2003
  1094                           ;	unspecified, using default values
  1095  2003                     	org	8195
  1096  2003  3FFF               	dw	16383
  1097                           
  1098                           	psect	config
  1099                           
  1100                           ;Config register CONFIG1 @ 0x2007
  1101                           ;	unspecified, using default values
  1102                           ;	Oscillator Selection bits
  1103                           ;	FOSC = 0x7, unprogrammed default
  1104                           ;	Watchdog Timer Enable bit
  1105                           ;	WDTE = 0x1, unprogrammed default
  1106                           ;	Power-up Timer Enable bit
  1107                           ;	PWRTE = 0x1, unprogrammed default
  1108                           ;	RE3/MCLR pin function select bit
  1109                           ;	MCLRE = 0x1, unprogrammed default
  1110                           ;	Code Protection bit
  1111                           ;	CP = 0x1, unprogrammed default
  1112                           ;	Data Code Protection bit
  1113                           ;	CPD = 0x1, unprogrammed default
  1114                           ;	Brown Out Reset Selection bits
  1115                           ;	BOREN = 0x3, unprogrammed default
  1116                           ;	Internal External Switchover bit
  1117                           ;	IESO = 0x1, unprogrammed default
  1118                           ;	Fail-Safe Clock Monitor Enabled bit
  1119                           ;	FCMEN = 0x1, unprogrammed default
  1120                           ;	Low Voltage Programming Enable bit
  1121                           ;	LVP = 0x1, unprogrammed default
  1122                           ;	In-Circuit Debugger Mode bit
  1123                           ;	DEBUG = 0x1, unprogrammed default
  1124  2007                     	org	8199
  1125  2007  3FFF               	dw	16383
  1126                           
  1127                           ;Config register CONFIG2 @ 0x2008
  1128                           ;	unspecified, using default values
  1129                           ;	Brown-out Reset Selection bit
  1130                           ;	BOR4V = 0x1, unprogrammed default
  1131                           ;	Flash Program Memory Self Write Enable bits
  1132                           ;	WRT = 0x3, unprogrammed default
  1133  2008                     	org	8200
  1134  2008  3FFF               	dw	16383

Data Sizes:
    Strings     0
    Constant    0
    Data        1
    BSS         4
    Persistent  0
    Stack       0

Auto Spaces:
    Space          Size  Autos    Used
    COMMON           14      7      12
    BANK0            80      0       0
    BANK1            80      0       0
    BANK3            96      0       0
    BANK2            96      0       0

Pointer List with Targets:

    None.

Critical Paths under _main in COMMON

    _main->_setup

Critical Paths under _isr in COMMON

    None.

Critical Paths under _main in BANK0

    None.

Critical Paths under _isr in BANK0

    None.

Critical Paths under _main in BANK1

    None.

Critical Paths under _isr in BANK1

    None.

Critical Paths under _main in BANK3

    None.

Critical Paths under _isr in BANK3

    None.

Critical Paths under _main in BANK2

    None.

Critical Paths under _isr in BANK2

    None.

Call Graph Tables:

 ---------------------------------------------------------------------------------
 (Depth) Function   	        Calls       Base Space   Used Autos Params    Refs
 ---------------------------------------------------------------------------------
 (0) _main                                                 2     2      0       0
                                              5 COMMON     2     2      0
                              _setup
 ---------------------------------------------------------------------------------
 (1) _setup                                                1     1      0       0
                                              4 COMMON     1     1      0
 ---------------------------------------------------------------------------------
 Estimated maximum stack depth 1
 ---------------------------------------------------------------------------------
 (Depth) Function   	        Calls       Base Space   Used Autos Params    Refs
 ---------------------------------------------------------------------------------
 (2) _isr                                                  4     4      0       0
                                              0 COMMON     4     4      0
 ---------------------------------------------------------------------------------
 Estimated maximum stack depth 2
 ---------------------------------------------------------------------------------

 Call Graph Graphs:

 _main (ROOT)
   _setup

 _isr (ROOT)

 Address spaces:
Name               Size   Autos  Total    Cost      Usage
BANK3               60      0       0       9        0.0%
BITBANK3            60      0       0       8        0.0%
SFR3                 0      0       0       4        0.0%
BITSFR3              0      0       0       4        0.0%
BANK2               60      0       0      11        0.0%
BITBANK2            60      0       0      10        0.0%
SFR2                 0      0       0       5        0.0%
BITSFR2              0      0       0       5        0.0%
BANK1               50      0       0       7        0.0%
BITBANK1            50      0       0       6        0.0%
SFR1                 0      0       0       2        0.0%
BITSFR1              0      0       0       2        0.0%
BANK0               50      0       0       5        0.0%
BITBANK0            50      0       0       4        0.0%
SFR0                 0      0       0       1        0.0%
BITSFR0              0      0       0       1        0.0%
COMMON               E      7       C       1       85.7%
BITCOMMON            E      0       0       0        0.0%
CODE                 0      0       0       0        0.0%
DATA                 0      0       C      12        0.0%
ABS                  0      0       C       3        0.0%
NULL                 0      0       0       0        0.0%
STACK                0      0       0       2        0.0%
EEDATA             100      0       0       0        0.0%


Microchip Technology PIC Macro Assembler V2.36 build 20220127204148 
Symbol Table                                                                                   Mon May 09 20:21:13 2022

            _SSPSTATbits 0094                       l49 012C                       u10 0058  
                     u11 0057                       u20 0086                       u21 0085  
                     u90 012A                       u91 0129                      l122 00B2  
                    l117 0054                      l119 0058                      l800 00A4  
                    l720 002B                      l810 00AD                      l802 00A5  
                    l730 003A                      l722 002C                      l714 001D  
                    l812 00B0                      l804 00A6                      l740 0047  
                    l732 003D                      l724 0030                      l716 0027  
                    l814 00B1                      l806 00A9                      l750 0060  
                    l742 004D                      l734 003E                      l726 0035  
                    l718 002A                      l808 00AA                      l760 006C  
                    l752 0064                      l744 004E                      l736 003F  
                    l728 0039                      l770 0077                      l762 006F  
                    l754 0065                      l746 0051                      l738 0042  
                    l850 0124                      l780 008A                      l772 007A  
                    l764 0070                      l756 0068                      l748 0053  
                    l852 012A                      l790 0094                      l782 008D  
                    l774 007F                      l766 0071                      l758 006B  
                    l854 0132                      l792 0095                      l784 008F  
                    l776 0082                      l768 0074                      l848 011F  
                    l786 0090                      l778 0086                      l794 0099  
                    l796 009D                      l788 0091                      l798 00A0  
                    u100 0132                      u101 0131                      u117 013A  
                    u127 0044                      u137 007C                      _isr 00B3  
                   _ADIF 0066                     ?_isr 0070                     i1l42 0118  
                   u3_20 00B9                     u3_21 00B8                     u4_20 00C0  
                   u4_21 00BF                     u5_20 00C9                     u5_21 00C8  
                   u6_20 00DB                     u6_21 00DA                     u7_25 00F0  
                   u8_20 010D                     u8_21 010C                     _cont 007A  
                   _main 011F                     btemp 007E                     start 000C  
                  ??_isr 0070                    ?_main 0070                    _ANSEL 0188  
                  i1l820 00BB                    i1l830 00D2                    i1l822 00BC  
                  i1l832 00DB                    i1l840 0110                    i1l824 00C0  
                  i1l816 00B3                    i1l842 0114                    i1l834 0104  
                  i1l826 00C9                    i1l818 00B9                    i1l844 0117  
                  i1l836 010D                    i1l828 00CD                    i1l838 010E  
                  u14_27 0112                    _SPBRG 0099                    _PORTB 0006  
                  _PORTC 0007                    _PORTD 0008                    _TRISA 0085  
                  _TRISB 0086                    _TRISC 0087                    _TRISD 0088  
                  _setup 001D                    pclath 000A                    status 0003  
                  wtemp0 007E          __initialization 000F             __end_of_main 0143  
                 ??_main 0075                   _ADRESH 001E                   _ADRESL 009E  
                 _CCPR2L 001B                   ?_setup 0070                   _ANSELH 0189  
                 _SPBRGH 009A                   _SSPBUF 0013             __pdataCOMMON 007B  
                 saved_w 007E  __end_of__initialization 0019           __pcstackCOMMON 0070  
          __end_of_setup 00B3                  ??_setup 0074               __pmaintext 011F  
             __pintentry 0004               _cont_slave 007B                _ANSELbits 0188  
                __ptext1 001D                  __ptext2 00B3                _T2CONbits 0012  
   end_of_initialization 0019                _RCSTAbits 0018                _PORTBbits 0006  
            _CCP2CONbits 001D                _TXSTAbits 0098            __pidataCOMMON 0143  
            _BAUDCTLbits 0187      start_initialization 000F              __end_of_isr 011F  
            __pbssCOMMON 0077                ___latbits 0002        interrupt_function 0004  
               _PIE1bits 008C                 _PIR1bits 000C               _ADCON0bits 001F  
             _ADCON1bits 009F              _cont_master 0078             _val_temporal 0077  
               _potvalue 0079               _INTCONbits 000B                 intlevel1 0000  
             _OSCCONbits 008F               _SSPCONbits 0014  
